Flow report for Line_Robot
Mon Feb 24 19:59:40 2025
Quartus Prime Version 18.1.0 Build 625 09/12/2018 SJ Lite Edition


---------------------
; Table of Contents ;
---------------------
  1. Legal Notice
  2. Flow Summary
  3. Flow Settings
  4. Flow Non-Default Global Settings
  5. Flow Elapsed Time
  6. Flow OS Summary
  7. Flow Log
  8. Flow Messages
  9. Flow Suppressed Messages



----------------
; Legal Notice ;
----------------
Copyright (C) 2018  Intel Corporation. All rights reserved.
Your use of Intel Corporation's design tools, logic functions 
and other software and tools, and its AMPP partner logic 
functions, and any output files from any of the foregoing 
(including device programming or simulation files), and any 
associated documentation or information are expressly subject 
to the terms and conditions of the Intel Program License 
Subscription Agreement, the Intel Quartus Prime License Agreement,
the Intel FPGA IP License Agreement, or other applicable license
agreement, including, without limitation, that your use is for
the sole purpose of programming logic devices manufactured by
Intel and sold by Intel or its authorized distributors.  Please
refer to the applicable agreement for further details.



+----------------------------------------------------------------------------------+
; Flow Summary                                                                     ;
+------------------------------------+---------------------------------------------+
; Flow Status                        ; Successful - Mon Feb 24 19:59:37 2025       ;
; Quartus Prime Version              ; 18.1.0 Build 625 09/12/2018 SJ Lite Edition ;
; Revision Name                      ; Line_Robot                                  ;
; Top-level Entity Name              ; Block1                                      ;
; Family                             ; MAX 10                                      ;
; Device                             ; 10M50DAF484C7G                              ;
; Timing Models                      ; Final                                       ;
; Total logic elements               ; 31 / 49,760 ( < 1 % )                       ;
;     Total combinational functions  ; 31 / 49,760 ( < 1 % )                       ;
;     Dedicated logic registers      ; 28 / 49,760 ( < 1 % )                       ;
; Total registers                    ; 28                                          ;
; Total pins                         ; 24 / 360 ( 7 % )                            ;
; Total virtual pins                 ; 0                                           ;
; Total memory bits                  ; 84 / 1,677,312 ( < 1 % )                    ;
; Embedded Multiplier 9-bit elements ; 0 / 288 ( 0 % )                             ;
; Total PLLs                         ; 0 / 4 ( 0 % )                               ;
; UFM blocks                         ; 0 / 1 ( 0 % )                               ;
; ADC blocks                         ; 0 / 2 ( 0 % )                               ;
+------------------------------------+---------------------------------------------+


+-----------------------------------------+
; Flow Settings                           ;
+-------------------+---------------------+
; Option            ; Setting             ;
+-------------------+---------------------+
; Start date & time ; 02/24/2025 19:59:15 ;
; Main task         ; Compilation         ;
; Revision Name     ; Line_Robot          ;
+-------------------+---------------------+


+-------------------------------------------------------------------------------------------------------------------------------+
; Flow Non-Default Global Settings                                                                                              ;
+-------------------------------------+----------------------------------------+---------------+-------------------+------------+
; Assignment Name                     ; Value                                  ; Default Value ; Entity Name       ; Section Id ;
+-------------------------------------+----------------------------------------+---------------+-------------------+------------+
; COMPILER_SIGNATURE_ID               ; 185410941787152.174043795406388        ; --            ; --                ; --         ;
; MAX_CORE_JUNCTION_TEMP              ; 85                                     ; --            ; --                ; --         ;
; MIN_CORE_JUNCTION_TEMP              ; 0                                      ; --            ; --                ; --         ;
; MISC_FILE                           ; DIV_CLK.bsf                            ; --            ; --                ; --         ;
; MISC_FILE                           ; DIV_CLK_inst.vhd                       ; --            ; --                ; --         ;
; MISC_FILE                           ; DIV_CLK.cmp                            ; --            ; --                ; --         ;
; MISC_FILE                           ; ROM_BCD_7SEG.bsf                       ; --            ; --                ; --         ;
; MISC_FILE                           ; ROM_BCD_7SEG_inst.vhd                  ; --            ; --                ; --         ;
; MISC_FILE                           ; ROM_BCD_7SEG.cmp                       ; --            ; --                ; --         ;
; MISC_FILE                           ; ROM_SIMPLES_7SEG.bsf                   ; --            ; --                ; --         ;
; MISC_FILE                           ; ROM_SIMPLES_7SEG_inst.vhd              ; --            ; --                ; --         ;
; MISC_FILE                           ; ROM_SIMPLES_7SEG.cmp                   ; --            ; --                ; --         ;
; MISC_FILE                           ; STATE_7SEG.bsf                         ; --            ; --                ; --         ;
; MISC_FILE                           ; STATE_7SEG_inst.vhd                    ; --            ; --                ; --         ;
; MISC_FILE                           ; STATE_7SEG.cmp                         ; --            ; --                ; --         ;
; OUTPUT_IO_TIMING_FAR_END_VMEAS      ; Half Signal Swing                      ; --            ; --                ; --         ;
; OUTPUT_IO_TIMING_FAR_END_VMEAS      ; Half Signal Swing                      ; --            ; --                ; --         ;
; OUTPUT_IO_TIMING_NEAR_END_VMEAS     ; Half Vccio                             ; --            ; --                ; --         ;
; OUTPUT_IO_TIMING_NEAR_END_VMEAS     ; Half Vccio                             ; --            ; --                ; --         ;
; PARTITION_COLOR                     ; -- (Not supported for targeted family) ; --            ; Block1            ; Top        ;
; PARTITION_COLOR                     ; -- (Not supported for targeted family) ; --            ; DE10_LITE_Default ; Top        ;
; PARTITION_COLOR                     ; -- (Not supported for targeted family) ; --            ; contador_seteseg  ; Top        ;
; PARTITION_FITTER_PRESERVATION_LEVEL ; -- (Not supported for targeted family) ; --            ; Block1            ; Top        ;
; PARTITION_FITTER_PRESERVATION_LEVEL ; -- (Not supported for targeted family) ; --            ; DE10_LITE_Default ; Top        ;
; PARTITION_FITTER_PRESERVATION_LEVEL ; -- (Not supported for targeted family) ; --            ; contador_seteseg  ; Top        ;
; PARTITION_NETLIST_TYPE              ; -- (Not supported for targeted family) ; --            ; Block1            ; Top        ;
; PARTITION_NETLIST_TYPE              ; -- (Not supported for targeted family) ; --            ; DE10_LITE_Default ; Top        ;
; PARTITION_NETLIST_TYPE              ; -- (Not supported for targeted family) ; --            ; contador_seteseg  ; Top        ;
; PROJECT_OUTPUT_DIRECTORY            ; output_files                           ; --            ; --                ; --         ;
; TOP_LEVEL_ENTITY                    ; Block1                                 ; Line_Robot    ; --                ; --         ;
+-------------------------------------+----------------------------------------+---------------+-------------------+------------+


+--------------------------------------------------------------------------------------------------------------------------+
; Flow Elapsed Time                                                                                                        ;
+----------------------+--------------+-------------------------+---------------------+------------------------------------+
; Module Name          ; Elapsed Time ; Average Processors Used ; Peak Virtual Memory ; Total CPU Time (on all processors) ;
+----------------------+--------------+-------------------------+---------------------+------------------------------------+
; Analysis & Synthesis ; 00:00:09     ; 1.0                     ; 4857 MB             ; 00:00:19                           ;
; Fitter               ; 00:00:09     ; 1.0                     ; 6203 MB             ; 00:00:13                           ;
; Assembler            ; 00:00:03     ; 1.0                     ; 4678 MB             ; 00:00:03                           ;
; Timing Analyzer      ; 00:00:02     ; 1.1                     ; 4913 MB             ; 00:00:02                           ;
; Total                ; 00:00:23     ; --                      ; --                  ; 00:00:37                           ;
+----------------------+--------------+-------------------------+---------------------+------------------------------------+


+------------------------------------------------------------------------------------+
; Flow OS Summary                                                                    ;
+----------------------+------------------+------------+------------+----------------+
; Module Name          ; Machine Hostname ; OS Name    ; OS Version ; Processor type ;
+----------------------+------------------+------------+------------+----------------+
; Analysis & Synthesis ; DESKTOP-391THPR  ; Windows 10 ; 10.0       ; x86_64         ;
; Fitter               ; DESKTOP-391THPR  ; Windows 10 ; 10.0       ; x86_64         ;
; Assembler            ; DESKTOP-391THPR  ; Windows 10 ; 10.0       ; x86_64         ;
; Timing Analyzer      ; DESKTOP-391THPR  ; Windows 10 ; 10.0       ; x86_64         ;
+----------------------+------------------+------------+------------+----------------+


------------
; Flow Log ;
------------
quartus_map --read_settings_files=on --write_settings_files=off Line_Robot -c Line_Robot
quartus_fit --read_settings_files=off --write_settings_files=off Line_Robot -c Line_Robot
quartus_asm --read_settings_files=off --write_settings_files=off Line_Robot -c Line_Robot
quartus_sta Line_Robot -c Line_Robot



