Flow report for sincos
Tue Feb 25 15:26:25 2025
Quartus Prime Version 18.1.0 Build 625 09/12/2018 SJ Lite Edition


---------------------
; Table of Contents ;
---------------------
  1. Legal Notice
  2. Flow Summary
  3. Flow Settings
  4. Flow Non-Default Global Settings
  5. Flow Elapsed Time
  6. Flow OS Summary
  7. Flow Log
  8. Flow Messages
  9. Flow Suppressed Messages



----------------
; Legal Notice ;
----------------
Copyright (C) 2018  Intel Corporation. All rights reserved.
Your use of Intel Corporation's design tools, logic functions 
and other software and tools, and its AMPP partner logic 
functions, and any output files from any of the foregoing 
(including device programming or simulation files), and any 
associated documentation or information are expressly subject 
to the terms and conditions of the Intel Program License 
Subscription Agreement, the Intel Quartus Prime License Agreement,
the Intel FPGA IP License Agreement, or other applicable license
agreement, including, without limitation, that your use is for
the sole purpose of programming logic devices manufactured by
Intel and sold by Intel or its authorized distributors.  Please
refer to the applicable agreement for further details.



+----------------------------------------------------------------------------------+
; Flow Summary                                                                     ;
+------------------------------------+---------------------------------------------+
; Flow Status                        ; Successful - Tue Feb 25 15:26:21 2025       ;
; Quartus Prime Version              ; 18.1.0 Build 625 09/12/2018 SJ Lite Edition ;
; Revision Name                      ; sincos                                      ;
; Top-level Entity Name              ; sincos                                      ;
; Family                             ; MAX 10                                      ;
; Device                             ; 10M50DAF484C7G                              ;
; Timing Models                      ; Final                                       ;
; Total logic elements               ; 74 / 49,760 ( < 1 % )                       ;
;     Total combinational functions  ; 68 / 49,760 ( < 1 % )                       ;
;     Dedicated logic registers      ; 48 / 49,760 ( < 1 % )                       ;
; Total registers                    ; 48                                          ;
; Total pins                         ; 30 / 360 ( 8 % )                            ;
; Total virtual pins                 ; 0                                           ;
; Total memory bits                  ; 1,176 / 1,677,312 ( < 1 % )                 ;
; Embedded Multiplier 9-bit elements ; 0 / 288 ( 0 % )                             ;
; Total PLLs                         ; 0 / 4 ( 0 % )                               ;
; UFM blocks                         ; 0 / 1 ( 0 % )                               ;
; ADC blocks                         ; 0 / 2 ( 0 % )                               ;
+------------------------------------+---------------------------------------------+


+-----------------------------------------+
; Flow Settings                           ;
+-------------------+---------------------+
; Option            ; Setting             ;
+-------------------+---------------------+
; Start date & time ; 02/25/2025 15:25:56 ;
; Main task         ; Compilation         ;
; Revision Name     ; sincos              ;
+-------------------+---------------------+


+-------------------------------------------------------------------------------------------------------------------------------+
; Flow Non-Default Global Settings                                                                                              ;
+-------------------------------------+----------------------------------------+---------------+-------------------+------------+
; Assignment Name                     ; Value                                  ; Default Value ; Entity Name       ; Section Id ;
+-------------------------------------+----------------------------------------+---------------+-------------------+------------+
; COMPILER_SIGNATURE_ID               ; 185410941787152.174050795622468        ; --            ; --                ; --         ;
; MAX_CORE_JUNCTION_TEMP              ; 85                                     ; --            ; --                ; --         ;
; MIN_CORE_JUNCTION_TEMP              ; 0                                      ; --            ; --                ; --         ;
; MISC_FILE                           ; contador.bsf                           ; --            ; --                ; --         ;
; MISC_FILE                           ; contador_inst.vhd                      ; --            ; --                ; --         ;
; MISC_FILE                           ; contador.cmp                           ; --            ; --                ; --         ;
; MISC_FILE                           ; ROM.bsf                                ; --            ; --                ; --         ;
; MISC_FILE                           ; ROM_inst.vhd                           ; --            ; --                ; --         ;
; MISC_FILE                           ; ROM.cmp                                ; --            ; --                ; --         ;
; MISC_FILE                           ; ROM_BCD.bsf                            ; --            ; --                ; --         ;
; MISC_FILE                           ; ROM_BCD_inst.vhd                       ; --            ; --                ; --         ;
; MISC_FILE                           ; ROM_BCD.cmp                            ; --            ; --                ; --         ;
; MISC_FILE                           ; DIV10.bsf                              ; --            ; --                ; --         ;
; MISC_FILE                           ; DIV10_inst.vhd                         ; --            ; --                ; --         ;
; MISC_FILE                           ; DIV10.cmp                              ; --            ; --                ; --         ;
; MISC_FILE                           ; CONST10.bsf                            ; --            ; --                ; --         ;
; MISC_FILE                           ; CONST10_inst.vhd                       ; --            ; --                ; --         ;
; MISC_FILE                           ; CONST10.cmp                            ; --            ; --                ; --         ;
; MISC_FILE                           ; DIV_CLK.bsf                            ; --            ; --                ; --         ;
; MISC_FILE                           ; DIV_CLK_inst.vhd                       ; --            ; --                ; --         ;
; MISC_FILE                           ; DIV_CLK.cmp                            ; --            ; --                ; --         ;
; OUTPUT_IO_TIMING_FAR_END_VMEAS      ; Half Signal Swing                      ; --            ; --                ; --         ;
; OUTPUT_IO_TIMING_FAR_END_VMEAS      ; Half Signal Swing                      ; --            ; --                ; --         ;
; OUTPUT_IO_TIMING_NEAR_END_VMEAS     ; Half Vccio                             ; --            ; --                ; --         ;
; OUTPUT_IO_TIMING_NEAR_END_VMEAS     ; Half Vccio                             ; --            ; --                ; --         ;
; PARTITION_COLOR                     ; -- (Not supported for targeted family) ; --            ; DE10_LITE_Default ; Top        ;
; PARTITION_COLOR                     ; -- (Not supported for targeted family) ; --            ; contador_seteseg  ; Top        ;
; PARTITION_COLOR                     ; -- (Not supported for targeted family) ; --            ; --                ; Top        ;
; PARTITION_FITTER_PRESERVATION_LEVEL ; -- (Not supported for targeted family) ; --            ; DE10_LITE_Default ; Top        ;
; PARTITION_FITTER_PRESERVATION_LEVEL ; -- (Not supported for targeted family) ; --            ; contador_seteseg  ; Top        ;
; PARTITION_FITTER_PRESERVATION_LEVEL ; -- (Not supported for targeted family) ; --            ; --                ; Top        ;
; PARTITION_NETLIST_TYPE              ; -- (Not supported for targeted family) ; --            ; DE10_LITE_Default ; Top        ;
; PARTITION_NETLIST_TYPE              ; -- (Not supported for targeted family) ; --            ; contador_seteseg  ; Top        ;
; PARTITION_NETLIST_TYPE              ; -- (Not supported for targeted family) ; --            ; --                ; Top        ;
; PROJECT_OUTPUT_DIRECTORY            ; output_files                           ; --            ; --                ; --         ;
+-------------------------------------+----------------------------------------+---------------+-------------------+------------+


+--------------------------------------------------------------------------------------------------------------------------+
; Flow Elapsed Time                                                                                                        ;
+----------------------+--------------+-------------------------+---------------------+------------------------------------+
; Module Name          ; Elapsed Time ; Average Processors Used ; Peak Virtual Memory ; Total CPU Time (on all processors) ;
+----------------------+--------------+-------------------------+---------------------+------------------------------------+
; Analysis & Synthesis ; 00:00:11     ; 1.0                     ; 4856 MB             ; 00:00:21                           ;
; Fitter               ; 00:00:09     ; 1.1                     ; 6210 MB             ; 00:00:15                           ;
; Assembler            ; 00:00:02     ; 1.0                     ; 4683 MB             ; 00:00:03                           ;
; Timing Analyzer      ; 00:00:03     ; 1.1                     ; 4913 MB             ; 00:00:03                           ;
; Total                ; 00:00:25     ; --                      ; --                  ; 00:00:42                           ;
+----------------------+--------------+-------------------------+---------------------+------------------------------------+


+------------------------------------------------------------------------------------+
; Flow OS Summary                                                                    ;
+----------------------+------------------+------------+------------+----------------+
; Module Name          ; Machine Hostname ; OS Name    ; OS Version ; Processor type ;
+----------------------+------------------+------------+------------+----------------+
; Analysis & Synthesis ; DESKTOP-391THPR  ; Windows 10 ; 10.0       ; x86_64         ;
; Fitter               ; DESKTOP-391THPR  ; Windows 10 ; 10.0       ; x86_64         ;
; Assembler            ; DESKTOP-391THPR  ; Windows 10 ; 10.0       ; x86_64         ;
; Timing Analyzer      ; DESKTOP-391THPR  ; Windows 10 ; 10.0       ; x86_64         ;
+----------------------+------------------+------------+------------+----------------+


------------
; Flow Log ;
------------
quartus_map --read_settings_files=on --write_settings_files=off sincos -c sincos
quartus_fit --read_settings_files=off --write_settings_files=off sincos -c sincos
quartus_asm --read_settings_files=off --write_settings_files=off sincos -c sincos
quartus_sta sincos -c sincos



